<?xml version="1.0" encoding="UTF-8"?>
<testng-results ignored="0" total="1" passed="1" failed="0" skipped="0">
  <reporter-output>
  </reporter-output>
  <suite started-at="2025-07-28T12:54:19 IST" name="Default suite" finished-at="2025-07-28T12:55:15 IST" duration-ms="55732">
    <groups>
    </groups>
    <test started-at="2025-07-28T12:54:19 IST" name="Default test" finished-at="2025-07-28T12:55:15 IST" duration-ms="55732">
      <class name="ReadExcelData.DDTCasestudy">
        <test-method is-config="true" signature="setup()[pri:0, instance:ReadExcelData.DDTCasestudy@302a07d]" started-at="2025-07-28T12:54:19 IST" name="setup" finished-at="2025-07-28T12:54:22 IST" duration-ms="3325" status="PASS">
          <reporter-output>
          </reporter-output>
        </test-method> <!-- setup -->
        <test-method signature="locatorsTestingBlog()[pri:0, instance:ReadExcelData.DDTCasestudy@302a07d]" started-at="2025-07-28T12:54:22 IST" name="locatorsTestingBlog" finished-at="2025-07-28T12:55:15 IST" duration-ms="52363" status="PASS">
          <reporter-output>
          </reporter-output>
        </test-method> <!-- locatorsTestingBlog -->
      </class> <!-- ReadExcelData.DDTCasestudy -->
    </test> <!-- Default test -->
  </suite> <!-- Default suite -->
</testng-results>
