<?xml version="1.0" encoding="UTF-8"?>
<testng-results ignored="0" total="1" passed="1" failed="0" skipped="0">
  <reporter-output>
  </reporter-output>
  <suite started-at="2025-07-25T15:45:24 IST" name="Default suite" finished-at="2025-07-25T15:45:29 IST" duration-ms="5051">
    <groups>
    </groups>
    <test started-at="2025-07-25T15:45:24 IST" name="Default test" finished-at="2025-07-25T15:45:29 IST" duration-ms="5051">
      <class name="dropDown.FacebookMonthList1">
        <test-method signature="faceBookMonth()[pri:0, instance:dropDown.FacebookMonthList1@1bb5a082]" started-at="2025-07-25T15:45:24 IST" name="faceBookMonth" finished-at="2025-07-25T15:45:29 IST" duration-ms="5023" status="PASS">
          <reporter-output>
          </reporter-output>
        </test-method> <!-- faceBookMonth -->
      </class> <!-- dropDown.FacebookMonthList1 -->
    </test> <!-- Default test -->
  </suite> <!-- Default suite -->
</testng-results>
