<?xml version="1.0" encoding="UTF-8"?>
<testng-results ignored="0" total="1" passed="1" failed="0" skipped="0">
  <reporter-output>
  </reporter-output>
  <suite started-at="2025-07-25T15:03:08 IST" name="Default suite" finished-at="2025-07-25T15:03:46 IST" duration-ms="37698">
    <groups>
    </groups>
    <test started-at="2025-07-25T15:03:08 IST" name="Default test" finished-at="2025-07-25T15:03:46 IST" duration-ms="37698">
      <class name="locatorsDemo.LinkTextAndPartialLink">
        <test-method is-config="true" signature="linkText()[pri:0, instance:locatorsDemo.LinkTextAndPartialLink@77c2494c]" started-at="2025-07-25T15:03:08 IST" name="linkText" finished-at="2025-07-25T15:03:11 IST" duration-ms="2883" status="PASS">
          <reporter-output>
          </reporter-output>
        </test-method> <!-- linkText -->
        <test-method signature="linkTest()[pri:0, instance:locatorsDemo.LinkTextAndPartialLink@77c2494c]" started-at="2025-07-25T15:03:11 IST" name="linkTest" finished-at="2025-07-25T15:03:46 IST" duration-ms="34777" status="PASS">
          <reporter-output>
          </reporter-output>
        </test-method> <!-- linkTest -->
      </class> <!-- locatorsDemo.LinkTextAndPartialLink -->
    </test> <!-- Default test -->
  </suite> <!-- Default suite -->
</testng-results>
