<?xml version="1.0" encoding="UTF-8"?>
<testng-results ignored="0" total="1" passed="1" failed="0" skipped="0">
  <reporter-output>
  </reporter-output>
  <suite started-at="2025-07-28T14:33:45 IST" name="Default suite" finished-at="2025-07-28T14:33:56 IST" duration-ms="11031">
    <groups>
    </groups>
    <test started-at="2025-07-28T14:33:45 IST" name="Default test" finished-at="2025-07-28T14:33:56 IST" duration-ms="11031">
      <class name="screenShotDemo.TestScreenShots1">
        <test-method signature="Browser()[pri:0, instance:screenShotDemo.TestScreenShots1@3a52dba3]" started-at="2025-07-28T14:33:45 IST" name="Browser" finished-at="2025-07-28T14:33:56 IST" duration-ms="10986" status="PASS">
          <reporter-output>
          </reporter-output>
        </test-method> <!-- Browser -->
      </class> <!-- screenShotDemo.TestScreenShots1 -->
    </test> <!-- Default test -->
  </suite> <!-- Default suite -->
</testng-results>
